cabal: Entering directory '/var/folders/6x/mymd747n20v3rgb4cmt0l8sh0000gn/T/cabal-tmp-30907/elerea-2.9.0'
Configuring elerea-2.9.0...
clang-5.0: warning: argument unused during compilation: '-nopie' [-Wunused-command-line-argument]
Preprocessing library for elerea-2.9.0..
Building library for elerea-2.9.0..
[1 of 4] Compiling FRP.Elerea       ( FRP/Elerea.hs, dist/dist-sandbox-72cc4717/build/FRP/Elerea.o )
[2 of 4] Compiling FRP.Elerea.Param ( FRP/Elerea/Param.hs, dist/dist-sandbox-72cc4717/build/FRP/Elerea/Param.o )
[3 of 4] Compiling FRP.Elerea.Simple ( FRP/Elerea/Simple.hs, dist/dist-sandbox-72cc4717/build/FRP/Elerea/Simple.o )
[4 of 4] Compiling FRP.Elerea.Simple.Pure ( FRP/Elerea/Simple/Pure.hs, dist/dist-sandbox-72cc4717/build/FRP/Elerea/Simple/Pure.o )
[1 of 4] Compiling FRP.Elerea       ( FRP/Elerea.hs, dist/dist-sandbox-72cc4717/build/FRP/Elerea.p_o )
clang-5.0: warning: argument unused during compilation: '-nopie' [-Wunused-command-line-argument]
clang-5.0: warning: argument unused during compilation: '-nopie' [-Wunused-command-line-argument]
ld: warning: /nix/store/jsylgldy52pv6rs2y4l04qszbwxjfh8y-libiconv-osx-10.11.6/lib/libiconv.dylib, ignoring unexpected dylib file
[2 of 4] Compiling FRP.Elerea.Param ( FRP/Elerea/Param.hs, dist/dist-sandbox-72cc4717/build/FRP/Elerea/Param.p_o )
clang-5.0: warning: argument unused during compilation: '-nopie' [-Wunused-command-line-argument]
clang-5.0: warning: argument unused during compilation: '-nopie' [-Wunused-command-line-argument]
ld: warning: /nix/store/jsylgldy52pv6rs2y4l04qszbwxjfh8y-libiconv-osx-10.11.6/lib/libiconv.dylib, ignoring unexpected dylib file
[3 of 4] Compiling FRP.Elerea.Simple ( FRP/Elerea/Simple.hs, dist/dist-sandbox-72cc4717/build/FRP/Elerea/Simple.p_o )
clang-5.0: warning: argument unused during compilation: '-nopie' [-Wunused-command-line-argument]
clang-5.0: warning: argument unused during compilation: '-nopie' [-Wunused-command-line-argument]
ld: warning: /nix/store/jsylgldy52pv6rs2y4l04qszbwxjfh8y-libiconv-osx-10.11.6/lib/libiconv.dylib, ignoring unexpected dylib file
[4 of 4] Compiling FRP.Elerea.Simple.Pure ( FRP/Elerea/Simple/Pure.hs, dist/dist-sandbox-72cc4717/build/FRP/Elerea/Simple/Pure.p_o )
clang-5.0: warning: argument unused during compilation: '-nopie' [-Wunused-command-line-argument]
clang-5.0: warning: argument unused during compilation: '-nopie' [-Wunused-command-line-argument]
ld: warning: /nix/store/jsylgldy52pv6rs2y4l04qszbwxjfh8y-libiconv-osx-10.11.6/lib/libiconv.dylib, ignoring unexpected dylib file
ignoring (possibly broken) abi-depends field for packages
Preprocessing library for elerea-2.9.0..
Running Haddock on library for elerea-2.9.0..
Haddock coverage:
 100% (  1 /  1) in 'FRP.Elerea'
 100% ( 31 / 31) in 'FRP.Elerea.Param'
 100% ( 31 / 31) in 'FRP.Elerea.Simple'
  30% (  6 / 20) in 'FRP.Elerea.Simple.Pure'
  Missing documentation for:
    Signal (FRP/Elerea/Simple/Pure.hs:36)
    SignalGen (FRP/Elerea/Simple/Pure.hs:38)
    fromList (FRP/Elerea/Simple/Pure.hs:40)
    toList (FRP/Elerea/Simple/Pure.hs:43)
    start (FRP/Elerea/Simple/Pure.hs:46)
    delay (FRP/Elerea/Simple/Pure.hs:49)
    snapshot (FRP/Elerea/Simple/Pure.hs:58)
    generator (FRP/Elerea/Simple/Pure.hs:55)
    memo (FRP/Elerea/Simple/Pure.hs:61)
    stateful (FRP/Elerea/Simple/Pure.hs:64)
    transfer (FRP/Elerea/Simple/Pure.hs:67)
    transfer2 (FRP/Elerea/Simple/Pure.hs:72)
    transfer3 (FRP/Elerea/Simple/Pure.hs:77)
    transfer4 (FRP/Elerea/Simple/Pure.hs:82)
Documentation created: dist/dist-sandbox-72cc4717/doc/html/elerea/index.html
Installing library in /Users/scott/projects/mutorere/.cabal-sandbox/lib/x86_64-osx-ghc-8.4.3/elerea-2.9.0-5m2Y5PNhbMQAffK6Iju0yf
cabal: Leaving directory '/var/folders/6x/mymd747n20v3rgb4cmt0l8sh0000gn/T/cabal-tmp-30907/elerea-2.9.0'
