cabal: Entering directory '/var/folders/6x/mymd747n20v3rgb4cmt0l8sh0000gn/T/cabal-tmp-30907/transformers-base-0.4.5.2'
Configuring transformers-base-0.4.5.2...
clang-5.0: warning: argument unused during compilation: '-nopie' [-Wunused-command-line-argument]
Preprocessing library for transformers-base-0.4.5.2..
Building library for transformers-base-0.4.5.2..
[1 of 1] Compiling Control.Monad.Base ( src/Control/Monad/Base.hs, dist/dist-sandbox-72cc4717/build/Control/Monad/Base.o )
[1 of 1] Compiling Control.Monad.Base ( src/Control/Monad/Base.hs, dist/dist-sandbox-72cc4717/build/Control/Monad/Base.p_o )
clang-5.0: warning: argument unused during compilation: '-nopie' [-Wunused-command-line-argument]
clang-5.0: warning: argument unused during compilation: '-nopie' [-Wunused-command-line-argument]
ld: warning: /nix/store/jsylgldy52pv6rs2y4l04qszbwxjfh8y-libiconv-osx-10.11.6/lib/libiconv.dylib, ignoring unexpected dylib file
ignoring (possibly broken) abi-depends field for packages
Preprocessing library for transformers-base-0.4.5.2..
Running Haddock on library for transformers-base-0.4.5.2..
Haddock coverage:
  33% (  1 /  3) in 'Control.Monad.Base'
  Missing documentation for:
    Module header
    MonadBase (src/Control/Monad/Base.hs:54)
Documentation created:
dist/dist-sandbox-72cc4717/doc/html/transformers-base/index.html
Installing library in /Users/scott/projects/mutorere/.cabal-sandbox/lib/x86_64-osx-ghc-8.4.3/transformers-base-0.4.5.2-9baFU7phiuIKF7KTSSI06Q
cabal: Leaving directory '/var/folders/6x/mymd747n20v3rgb4cmt0l8sh0000gn/T/cabal-tmp-30907/transformers-base-0.4.5.2'
